-------------------------------------------------------------------------------
Test set: runner.Test
-------------------------------------------------------------------------------
Tests run: 1, Failures: 1, Errors: 0, Skipped: 0, Time elapsed: 31.038 s <<< FAILURE! - in runner.Test
login-verfication wrong password(Registration)  Time elapsed: 25.61 s  <<< FAILURE!
org.junit.ComparisonFailure: expected:<...biltelefonnummer ein[]> but was:<...biltelefonnummer ein[trtrtrtrtrt]>

